[debug] [2021-07-21T10:20:36.719Z] ----------------------------------------------------------------------
[debug] [2021-07-21T10:20:36.721Z] Command:       C:\Program Files\nodejs\node.exe C:\Users\quand\AppData\Roaming\npm\node_modules\firebase-tools\lib\bin\firebase.js init
[debug] [2021-07-21T10:20:36.721Z] CLI Version:   9.12.1
[debug] [2021-07-21T10:20:36.721Z] Platform:      win32
[debug] [2021-07-21T10:20:36.721Z] Node Version:  v12.18.3
[debug] [2021-07-21T10:20:36.723Z] Time:          Wed Jul 21 2021 13:20:36 GMT+0300 (Eastern European Summer Time)
[debug] [2021-07-21T10:20:36.723Z] ----------------------------------------------------------------------
[debug] 
[debug] [2021-07-21T10:20:36.730Z] > command requires scopes: ["email","openid","https://www.googleapis.com/auth/cloudplatformprojects.readonly","https://www.googleapis.com/auth/firebase","https://www.googleapis.com/auth/cloud-platform"]
[debug] [2021-07-21T10:20:36.730Z] > authorizing via signed-in user (it.globuzzer@gmail.com)
[info] 
     ######## #### ########  ######## ########     ###     ######  ########
     ##        ##  ##     ## ##       ##     ##  ##   ##  ##       ##
     ######    ##  ########  ######   ########  #########  ######  ######
     ##        ##  ##    ##  ##       ##     ## ##     ##       ## ##
     ##       #### ##     ## ######## ########  ##     ##  ######  ########

You're about to initialize a Firebase project in this directory:

  C:\Users\quand\Desktop\Globuzzer\admin-project

Before we get started, keep in mind:

  * You are initializing in an existing Firebase project directory

